C:\USERS\ANDERSED\DROPBOX\PURDUE\GRAPHICS - CS 535\FINALPROJECT\ANT_SIM\RELEASE\ANTSIM.OBJ
C:\Users\andersed\Dropbox\Purdue\Graphics - CS 535\FinalProject\Ant_Sim\Release\cl.command.1.tlog
C:\Users\andersed\Dropbox\Purdue\Graphics - CS 535\FinalProject\Ant_Sim\Release\CL.read.1.tlog
C:\Users\andersed\Dropbox\Purdue\Graphics - CS 535\FinalProject\Ant_Sim\Release\CL.write.1.tlog
C:\Users\andersed\Dropbox\Purdue\Graphics - CS 535\FinalProject\Ant_Sim\Release\link.command.1.tlog
C:\Users\andersed\Dropbox\Purdue\Graphics - CS 535\FinalProject\Ant_Sim\Release\link.read.1.tlog
C:\Users\andersed\Dropbox\Purdue\Graphics - CS 535\FinalProject\Ant_Sim\Release\link.write.1.tlog
C:\USERS\ANDERSED\DROPBOX\PURDUE\GRAPHICS - CS 535\FINALPROJECT\ANT_SIM\RELEASE\MAIN.OBJ
C:\USERS\ANDERSED\DROPBOX\PURDUE\GRAPHICS - CS 535\FINALPROJECT\ANT_SIM\RELEASE\MARCHINGCUBESCONSTANTS.OBJ
C:\Users\andersed\Dropbox\Purdue\Graphics - CS 535\FinalProject\Ant_Sim\Release\mt.command.1.tlog
C:\Users\andersed\Dropbox\Purdue\Graphics - CS 535\FinalProject\Ant_Sim\Release\mt.read.1.tlog
C:\Users\andersed\Dropbox\Purdue\Graphics - CS 535\FinalProject\Ant_Sim\Release\mt.write.1.tlog
C:\USERS\ANDERSED\DROPBOX\PURDUE\GRAPHICS - CS 535\FINALPROJECT\ANT_SIM\RELEASE\MYPROJECT.EXE
C:\USERS\ANDERSED\DROPBOX\PURDUE\GRAPHICS - CS 535\FINALPROJECT\ANT_SIM\RELEASE\MYPROJECT.EXE.INTERMEDIATE.MANIFEST
C:\USERS\ANDERSED\DROPBOX\PURDUE\GRAPHICS - CS 535\FINALPROJECT\ANT_SIM\RELEASE\MYPROJECT.PDB
C:\Users\andersed\Dropbox\Purdue\Graphics - CS 535\FinalProject\Ant_Sim\Release\myproject.vcxprojResolveAssemblyReference.cache
C:\Users\andersed\Dropbox\Purdue\Graphics - CS 535\FinalProject\Ant_Sim\Release\myproject.write.1.tlog
C:\USERS\ANDERSED\DROPBOX\PURDUE\GRAPHICS - CS 535\FINALPROJECT\ANT_SIM\RELEASE\UTILS.OBJ
C:\USERS\ANDERSED\DROPBOX\PURDUE\GRAPHICS - CS 535\FINALPROJECT\ANT_SIM\RELEASE\VC100.PDB
C:\USERS\DANIEL\DROPBOX\PURDUE\GRAPHICS - CS 535\FINALPROJECT\ANT_SIM\RELEASE\ANTSIM.OBJ
C:\USERS\DANIEL\DROPBOX\PURDUE\GRAPHICS - CS 535\FINALPROJECT\ANT_SIM\RELEASE\MAIN.OBJ
C:\USERS\DANIEL\DROPBOX\PURDUE\GRAPHICS - CS 535\FINALPROJECT\ANT_SIM\RELEASE\MARCHINGCUBESCONSTANTS.OBJ
C:\USERS\DANIEL\DROPBOX\PURDUE\GRAPHICS - CS 535\FINALPROJECT\ANT_SIM\RELEASE\MYPROJECT.EXE
C:\USERS\DANIEL\DROPBOX\PURDUE\GRAPHICS - CS 535\FINALPROJECT\ANT_SIM\RELEASE\MYPROJECT.EXE.INTERMEDIATE.MANIFEST
C:\USERS\DANIEL\DROPBOX\PURDUE\GRAPHICS - CS 535\FINALPROJECT\ANT_SIM\RELEASE\MYPROJECT.PDB
C:\USERS\DANIEL\DROPBOX\PURDUE\GRAPHICS - CS 535\FINALPROJECT\ANT_SIM\RELEASE\UTILS.OBJ
C:\USERS\DANIEL\DROPBOX\PURDUE\GRAPHICS - CS 535\FINALPROJECT\ANT_SIM\RELEASE\VC100.PDB
